[debug] [2022-12-07T14:20:59.848Z] ----------------------------------------------------------------------
[debug] [2022-12-07T14:20:59.849Z] Command:       C:\Program Files\nodejs\node.exe C:\Users\mvr_n\AppData\Roaming\npm\node_modules\firebase-tools\lib\bin\firebase.js init
[debug] [2022-12-07T14:20:59.850Z] CLI Version:   11.17.0
[debug] [2022-12-07T14:20:59.850Z] Platform:      win32
[debug] [2022-12-07T14:20:59.850Z] Node Version:  v16.15.1
[debug] [2022-12-07T14:20:59.851Z] Time:          Wed Dec 07 2022 19:50:59 GMT+0530 (India Standard Time)
[debug] [2022-12-07T14:20:59.851Z] ----------------------------------------------------------------------
[debug] 
[debug] [2022-12-07T14:20:59.859Z] > command requires scopes: ["email","openid","https://www.googleapis.com/auth/cloudplatformprojects.readonly","https://www.googleapis.com/auth/firebase","https://www.googleapis.com/auth/cloud-platform"]
[debug] [2022-12-07T14:20:59.859Z] > authorizing via signed-in user (nandakumar.k0531@gmail.com)
[info] 
     ######## #### ########  ######## ########     ###     ######  ########
     ##        ##  ##     ## ##       ##     ##  ##   ##  ##       ##
     ######    ##  ########  ######   ########  #########  ######  ######
     ##        ##  ##    ##  ##       ##     ## ##     ##       ## ##
     ##       #### ##     ## ######## ########  ##     ##  ######  ########

You're about to initialize a Firebase project in this directory:

  D:\projects\Personal Projects\portfolio

[info] 
=== Project Setup
[info] 
[info] First, let's associate this project directory with a Firebase project.
[info] You can create multiple project aliases by running firebase use --add, 
[info] but for now we'll just set up a default project.
[info] 
[debug] [2022-12-07T14:21:15.848Z] > refreshing access token with scopes: []
[debug] [2022-12-07T14:21:15.860Z] >>> [apiv2][query] POST https://www.googleapis.com/oauth2/v3/token [none]
[debug] [2022-12-07T14:21:15.861Z] >>> [apiv2][body] POST https://www.googleapis.com/oauth2/v3/token [omitted]
[debug] [2022-12-07T14:21:16.240Z] <<< [apiv2][status] POST https://www.googleapis.com/oauth2/v3/token 200
[debug] [2022-12-07T14:21:16.240Z] <<< [apiv2][body] POST https://www.googleapis.com/oauth2/v3/token [omitted]
[debug] [2022-12-07T14:21:16.330Z] >>> [apiv2][query] GET https://firebase.googleapis.com/v1beta1/projects pageSize=100
[debug] [2022-12-07T14:21:17.246Z] <<< [apiv2][status] GET https://firebase.googleapis.com/v1beta1/projects 200
[debug] [2022-12-07T14:21:17.248Z] <<< [apiv2][body] GET https://firebase.googleapis.com/v1beta1/projects [omitted]
[info] i  Using project portfolio-96086 ( portfolio) 
[info] 
=== Hosting Setup
[info] 
[info] Your public directory is the folder (relative to your project directory) that
[info] will contain Hosting assets to be uploaded with firebase deploy. If you
[info] have a build process for your assets, use your build's output directory.
[info] 
[debug] [2022-12-07T14:22:48.702Z] >>> [apiv2][query] GET https://www.gstatic.com/firebasejs/releases.json [none]
[debug] [2022-12-07T14:22:48.885Z] <<< [apiv2][status] GET https://www.gstatic.com/firebasejs/releases.json 200
[debug] [2022-12-07T14:22:48.887Z] <<< [apiv2][body] GET https://www.gstatic.com/firebasejs/releases.json {"current":{"version":"9.14.0","browserURL":"https://www.gstatic.com/firebasejs/9.14.0/firebase.js","packageURL":"https://www.gstatic.com/firebasejs/9.14.0/firebase.tgz"},"live":{"version":"9.14","browserURL":"https://www.gstatic.com/firebasejs/live/9.14/firebase.js","packageURL":"https://www.gstatic.com/firebasejs/live/9.14/firebase.tgz"},"components":{"analytics":"https://www.gstatic.com/firebasejs/9.14.0/firebase-analytics.js","app":"https://www.gstatic.com/firebasejs/9.14.0/firebase-app.js","app-check":"https://www.gstatic.com/firebasejs/9.14.0/firebase-app-check.js","auth":"https://www.gstatic.com/firebasejs/9.14.0/firebase-auth.js","auth/cordova":"https://www.gstatic.com/firebasejs/9.14.0/firebase-auth/cordova.js","auth/react-native":"https://www.gstatic.com/firebasejs/9.14.0/firebase-auth/react-native.js","functions":"https://www.gstatic.com/firebasejs/9.14.0/firebase-functions.js","firestore":"https://www.gstatic.com/firebasejs/9.14.0/firebase-firestore.js","firestore/lite":"https://www.gstatic.com/firebasejs/9.14.0/firebase-firestore/lite.js","installations":"https://www.gstatic.com/firebasejs/9.14.0/firebase-installations.js","storage":"https://www.gstatic.com/firebasejs/9.14.0/firebase-storage.js","performance":"https://www.gstatic.com/firebasejs/9.14.0/firebase-performance.js","remote-config":"https://www.gstatic.com/firebasejs/9.14.0/firebase-remote-config.js","messaging":"https://www.gstatic.com/firebasejs/9.14.0/firebase-messaging.js","messaging/sw":"https://www.gstatic.com/firebasejs/9.14.0/firebase-messaging/sw.js","database":"https://www.gstatic.com/firebasejs/9.14.0/firebase-database.js","firestore.memory":"https://www.gstatic.com/firebasejs/9.14.0/firebase-firestore.memory.js"}}
[info] +  Wrote public/index.html 
[info] 
[info] i  Detected a .git folder at D:\projects\Personal Projects\portfolio 
[info] i  Authorizing with GitHub to upload your service account to a GitHub repository's secrets store. 
[info] 
[info] Visit this URL on this device to log in:
[info] https://github.com/login/oauth/authorize?client_id=89cf50f02ac6aaed3484&state=3849830&redirect_uri=http%3A%2F%2Flocalhost%3A9005&scope=read%3Auser%20repo%20public_repo
[info] 
[info] Waiting for authentication...
[debug] [2022-12-07T14:22:59.873Z] >>> [apiv2][query] POST https://github.com/login/oauth/access_token [none]
[debug] [2022-12-07T14:22:59.873Z] >>> [apiv2][body] POST https://github.com/login/oauth/access_token [stream]
[debug] [2022-12-07T14:23:00.351Z] <<< [apiv2][status] POST https://github.com/login/oauth/access_token 200
[debug] [2022-12-07T14:23:00.351Z] <<< [apiv2][body] POST https://github.com/login/oauth/access_token {"access_token":"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","token_type":"bearer","scope":"read:user,repo"}
[debug] [2022-12-07T14:23:00.389Z] >>> [apiv2][query] GET https://api.github.com/user [none]
[debug] [2022-12-07T14:23:00.896Z] <<< [apiv2][status] GET https://api.github.com/user 200
[debug] [2022-12-07T14:23:00.897Z] <<< [apiv2][body] GET https://api.github.com/user {"login":"nanda-kumar-k","id":96968334,"node_id":"U_kgDOBceejg","avatar_url":"https://avatars.githubusercontent.com/u/96968334?v=4","gravatar_id":"","url":"https://api.github.com/users/nanda-kumar-k","html_url":"https://github.com/nanda-kumar-k","followers_url":"https://api.github.com/users/nanda-kumar-k/followers","following_url":"https://api.github.com/users/nanda-kumar-k/following{/other_user}","gists_url":"https://api.github.com/users/nanda-kumar-k/gists{/gist_id}","starred_url":"https://api.github.com/users/nanda-kumar-k/starred{/owner}{/repo}","subscriptions_url":"https://api.github.com/users/nanda-kumar-k/subscriptions","organizations_url":"https://api.github.com/users/nanda-kumar-k/orgs","repos_url":"https://api.github.com/users/nanda-kumar-k/repos","events_url":"https://api.github.com/users/nanda-kumar-k/events{/privacy}","received_events_url":"https://api.github.com/users/nanda-kumar-k/received_events","type":"User","site_admin":false,"name":"NANDA KUAMR K","company":null,"blog":"https://mybookbankmbb.blogspot.com/","location":"Full Stack Developer","email":"nandakumar.k0531@gmail.com","hireable":null,"bio":"An energetic and imaginative young web developer who is able to work alongside in creating websites to the very level standards. ","twitter_username":"nanda_kumar_k05","public_repos":25,"public_gists":0,"followers":6,"following":11,"created_at":"2022-01-02T05:10:23Z","updated_at":"2022-12-03T14:28:46Z","private_gists":1,"total_private_repos":1,"owned_private_repos":1,"disk_usage":290852,"collaborators":0,"two_factor_authentication":false,"plan":{"name":"pro","space":976562499,"collaborators":0,"private_repos":9999}}
[info] 
[info] +  Success! Logged into GitHub as nanda-kumar-k 
[info] 
